[2022-10-14 21:46:01] Cron: SyncAbsent. Total 126employees absent.
[2022-10-14 21:47:01] Cron: SyncAbsent. No employee found.
[2022-10-14 21:48:01] Cron: SyncAbsent. No employee found.
[2022-10-14 21:50:01] Cron: SyncAttendanceLogs. No new data found.
[2022-10-14 21:50:01] Cron: UpdateCompanyIds. No new record found while updating company ids for device.
[2022-10-14 21:50:02] Cron: SyncAttendance. No new logs found.
[2022-10-14 21:51:02] Cron: SyncAttendanceLogs. No new data found.
[2022-10-14 21:51:03] Cron: UpdateCompanyIds. No new record found while updating company ids for device.
[2022-10-14 21:51:04] Cron: SyncAttendance. No new logs found.
[2022-11-04 12:40:28] Cron: SyncAttendanceLogs. No new data found.
[2022-11-04 12:40:28] Cron: UpdateCompanyIds. No new record found while updating company ids for device.
[2022-11-04 12:40:29] Cron: SyncAttendance. No new logs found.
[2022-11-04 12:40:50] Cron: SyncAttendanceLogs. No new data found.
[2022-11-04 12:40:50] Cron: UpdateCompanyIds. No new record found while updating company ids for device.
[2022-11-04 12:40:51] Cron: SyncAttendance. No new logs found.
[2022-11-04 18:37:26] Cron: SyncAttendanceLogs. No new data found.
[2022-11-04 18:37:26] Cron: UpdateCompanyIds. No new record found while updating company ids for device.
[2022-11-04 18:37:27] Cron: SyncAttendance. No new logs found.
[2022-11-04 18:53:07] Cron: SyncAttendanceLogs. No new data found.
[2022-11-04 18:53:08] Cron: UpdateCompanyIds. No new record found while updating company ids for device.
[2022-11-04 18:53:09] Cron: SyncAttendance. No new logs found.
[2022-11-04 19:01:38] Cron: SyncAttendanceLogs. No new data found.
[2022-11-04 19:01:38] Cron: UpdateCompanyIds. No new record found while updating company ids for device.
[2022-11-04 19:01:39] Cron: SyncAttendance. No new logs found.
[2022-11-04 19:03:38] Cron: SyncAttendanceLogs. No new data found.
[2022-11-04 19:03:38] Cron: UpdateCompanyIds. No new record found while updating company ids for device.
[2022-11-04 19:03:39] Cron: SyncAttendance. No new logs found.
[2022-11-04 19:04:01] Cron: SyncAttendanceLogs. No new data found.
[2022-11-04 19:04:02] Cron: UpdateCompanyIds. No new record found while updating company ids for device.
[2022-11-04 19:04:03] Cron: SyncAttendance. No new logs found.
[2022-11-04 19:08:53] Cron: SyncAttendanceLogs. No new data found.
[2022-11-04 19:08:54] Cron: UpdateCompanyIds. No new record found while updating company ids for device.
[2022-11-04 19:08:54] Cron: SyncAttendance. No new logs found.
[2022-11-04 19:10:02] Cron: SyncAttendanceLogs. No new data found.
[2022-11-04 19:10:02] Cron: UpdateCompanyIds. No new record found while updating company ids for device.
[2022-11-04 19:10:03] Cron: SyncAttendance. No new logs found.
[2022-11-04 19:11:17] Cron: SyncAttendanceLogs. No new data found.
[2022-11-04 19:11:18] Cron: UpdateCompanyIds. No new record found while updating company ids for device.
[2022-11-04 19:11:18] Cron: SyncAttendance. No new logs found.
[2022-11-04 19:19:09] Cron: SyncAttendanceLogs. No new data found.
[2022-11-04 19:19:10] Cron: UpdateCompanyIds. No new record found while updating company ids for device.
[2022-11-04 19:19:10] Cron: SyncAttendance. No new logs found.
[2022-11-04 19:20:38] Cron: SyncAttendanceLogs. No new data found.
[2022-11-04 19:20:38] Cron: UpdateCompanyIds. No new record found while updating company ids for device.
[2022-11-04 19:20:39] Cron: SyncAttendance. No new logs found.
[2022-11-04 19:46:50] Cron: SyncAttendanceLogs. No new data found.
[2022-11-04 19:46:50] Cron: UpdateCompanyIds. No new record found while updating company ids for device.
[2022-11-04 19:46:51] Cron: SyncAttendance. No new logs found.
[2022-11-04 19:47:49] Cron: SyncAttendanceLogs. No new data found.
[2022-11-04 19:47:49] Cron: UpdateCompanyIds. No new record found while updating company ids for device.
[2022-11-04 19:47:50] Cron: SyncAttendance. No new logs found.
[2022-11-04 19:49:26] Cron: SyncAttendanceLogs. No new data found.
[2022-11-04 19:49:26] Cron: UpdateCompanyIds. No new record found while updating company ids for device.
[2022-11-04 19:49:27] Cron: SyncAttendance. No new logs found.
